<?xml version="1.0" encoding="UTF-8"?>
<testng-results ignored="0" total="1" passed="1" failed="0" skipped="0">
  <reporter-output>
  </reporter-output>
  <suite started-at="2023-11-04T18:46:03 EDT" name="Smoke Test" finished-at="2023-11-04T18:46:14 EDT" duration-ms="11624">
    <groups>
      <group name="cucumber">
        <method signature="AbstractTestNGCucumberTests.runScenario(io.cucumber.testng.PickleWrapper,io.cucumber.testng.FeatureWrapper)[pri:0, instance:runner.TestRunner@19fb8826]" name="runScenario" class="io.cucumber.testng.AbstractTestNGCucumberTests"/>
      </group> <!-- cucumber -->
    </groups>
    <test started-at="2023-11-04T18:46:03 EDT" name="Hotel Search Test" finished-at="2023-11-04T18:46:14 EDT" duration-ms="11624">
      <class name="runner.TestRunner">
        <test-method is-config="true" signature="setUpClass(org.testng.ITestContext)[pri:0, instance:runner.TestRunner@19fb8826]" started-at="2023-11-04T18:46:03 EDT" name="setUpClass" finished-at="2023-11-04T18:46:03 EDT" duration-ms="694" status="PASS">
          <params>
            <param index="0">
              <value>
                <![CDATA[org.testng.TestRunner@27df0f3d]]>
              </value>
            </param>
          </params>
          <reporter-output>
          </reporter-output>
        </test-method> <!-- setUpClass -->
        <test-method signature="runScenario(io.cucumber.testng.PickleWrapper,io.cucumber.testng.FeatureWrapper)[pri:0, instance:runner.TestRunner@19fb8826]" started-at="2023-11-04T18:46:03 EDT" name="runScenario" description="Runs Cucumber Scenarios" data-provider="scenarios" finished-at="2023-11-04T18:46:13 EDT" duration-ms="9498" status="PASS">
          <params>
            <param index="0">
              <value>
                <![CDATA["I should be able to see the list of available hotels."]]>
              </value>
            </param>
            <param index="1">
              <value>
                <![CDATA["Search hotels"]]>
              </value>
            </param>
          </params>
          <reporter-output>
          </reporter-output>
        </test-method> <!-- runScenario -->
        <test-method is-config="true" signature="tearDownClass()[pri:0, instance:runner.TestRunner@19fb8826]" started-at="2023-11-04T18:46:13 EDT" name="tearDownClass" finished-at="2023-11-04T18:46:14 EDT" duration-ms="1361" status="PASS">
          <reporter-output>
          </reporter-output>
        </test-method> <!-- tearDownClass -->
      </class> <!-- runner.TestRunner -->
    </test> <!-- Hotel Search Test -->
  </suite> <!-- Smoke Test -->
</testng-results>
